<?xml version="1.0" encoding="UTF-8"?>
<!-- Generated by org.testng.reporters.JUnitReportReporter -->
<testsuite skipped="0" hostname="DELL-PC" name="com.test.automation.uiAutomationM.homepage.TC001_VerifyLoginWithInvalidCredentials" tests="1" failures="0" timestamp="30 May 2018 11:34:30 GMT" time="5.290" errors="0">
  <testcase name="verifyLoginWithInvalidCredentials" time="5.290" classname="com.test.automation.uiAutomationM.homepage.TC001_VerifyLoginWithInvalidCredentials"/>
</testsuite> <!-- com.test.automation.uiAutomationM.homepage.TC001_VerifyLoginWithInvalidCredentials -->
